<?xml version="1.0" encoding="UTF-8"?>
<!-- Generated by org.testng.reporters.JUnitXMLReporter -->
<testsuite ignored="0" hostname="DESKTOP-MN86ODD" failures="0" tests="2" name="Default test" time="121.464" errors="0" timestamp="2025-06-16T14:55:29 IST">
  <testcase classname="testcases.TC01_LandingPageCheck" name="TC01_Landing_Page_Check" time="42.559">
    <skipped/>
  </testcase> <!-- TC01_Landing_Page_Check -->
  <testcase classname="testcases.TC01_LandingPageCheck" name="TC01_Landing_Page_Check" time="74.995"/>
</testsuite> <!-- Default test -->
