<?xml version="1.0" encoding="UTF-8"?>
<testng-results ignored="0" total="1" passed="1" failed="0" skipped="0">
  <reporter-output>
  </reporter-output>
  <suite started-at="2025-03-10T13:59:39 IST" name="Default suite" finished-at="2025-03-10T14:00:07 IST" duration-ms="28105">
    <groups>
    </groups>
    <test started-at="2025-03-10T13:59:39 IST" name="Default test" finished-at="2025-03-10T14:00:07 IST" duration-ms="28105">
      <class name="testcases.TC02_SignInPage_Check">
        <test-method is-config="true" signature="beforeSuite()[pri:0, instance:testcases.TC02_SignInPage_Check@62379589]" started-at="2025-03-10T13:59:38 IST" name="beforeSuite" finished-at="2025-03-10T13:59:39 IST" duration-ms="513" status="PASS">
          <reporter-output>
          </reporter-output>
        </test-method> <!-- beforeSuite -->
        <test-method is-config="true" signature="beforeTest()[pri:0, instance:testcases.TC02_SignInPage_Check@62379589]" started-at="2025-03-10T13:59:39 IST" name="beforeTest" finished-at="2025-03-10T13:59:39 IST" duration-ms="0" status="PASS">
          <reporter-output>
          </reporter-output>
        </test-method> <!-- beforeTest -->
        <test-method is-config="true" signature="startTestCase()[pri:0, instance:testcases.TC02_SignInPage_Check@62379589]" started-at="2025-03-10T13:59:39 IST" name="startTestCase" finished-at="2025-03-10T13:59:39 IST" duration-ms="1" status="PASS">
          <reporter-output>
          </reporter-output>
        </test-method> <!-- startTestCase -->
        <test-method is-config="true" signature="beforeMethod()[pri:0, instance:testcases.TC02_SignInPage_Check@62379589]" started-at="2025-03-10T13:59:39 IST" name="beforeMethod" finished-at="2025-03-10T13:59:43 IST" duration-ms="4657" status="PASS">
          <reporter-output>
          </reporter-output>
        </test-method> <!-- beforeMethod -->
        <test-method signature="signInPageCheck()[pri:0, instance:testcases.TC02_SignInPage_Check@62379589]" started-at="2025-03-10T13:59:43 IST" name="signInPageCheck" finished-at="2025-03-10T14:00:05 IST" duration-ms="21354" status="PASS">
          <reporter-output>
          </reporter-output>
        </test-method> <!-- signInPageCheck -->
        <test-method is-config="true" signature="afterMethod()[pri:0, instance:testcases.TC02_SignInPage_Check@62379589]" started-at="2025-03-10T14:00:05 IST" name="afterMethod" finished-at="2025-03-10T14:00:07 IST" duration-ms="2039" status="PASS">
          <reporter-output>
          </reporter-output>
        </test-method> <!-- afterMethod -->
        <test-method is-config="true" signature="afterTest()[pri:0, instance:testcases.TC02_SignInPage_Check@62379589]" started-at="2025-03-10T14:00:07 IST" name="afterTest" finished-at="2025-03-10T14:00:07 IST" duration-ms="1" status="PASS">
          <reporter-output>
          </reporter-output>
        </test-method> <!-- afterTest -->
        <test-method is-config="true" signature="afterSuite()[pri:0, instance:testcases.TC02_SignInPage_Check@62379589]" started-at="2025-03-10T14:00:07 IST" name="afterSuite" finished-at="2025-03-10T14:00:07 IST" duration-ms="773" status="PASS">
          <reporter-output>
          </reporter-output>
        </test-method> <!-- afterSuite -->
      </class> <!-- testcases.TC02_SignInPage_Check -->
    </test> <!-- Default test -->
  </suite> <!-- Default suite -->
</testng-results>
