<?xml version="1.0" encoding="UTF-8"?>
<testng-results ignored="0" total="1" passed="1" failed="0" skipped="0">
  <reporter-output>
  </reporter-output>
  <suite started-at="2025-03-07T18:25:40 IST" name="Default suite" finished-at="2025-03-07T18:26:03 IST" duration-ms="23300">
    <groups>
    </groups>
    <test started-at="2025-03-07T18:25:40 IST" name="Default test" finished-at="2025-03-07T18:26:03 IST" duration-ms="23300">
      <class name="testcases.TC06_AddCoursesToCart">
        <test-method is-config="true" signature="beforeSuite()[pri:0, instance:testcases.TC06_AddCoursesToCart@35dab4eb]" started-at="2025-03-07T18:25:40 IST" name="beforeSuite" finished-at="2025-03-07T18:25:40 IST" duration-ms="167" status="PASS">
          <reporter-output>
          </reporter-output>
        </test-method> <!-- beforeSuite -->
        <test-method is-config="true" signature="beforeTest()[pri:0, instance:testcases.TC06_AddCoursesToCart@35dab4eb]" started-at="2025-03-07T18:25:40 IST" name="beforeTest" finished-at="2025-03-07T18:25:40 IST" duration-ms="0" status="PASS">
          <reporter-output>
          </reporter-output>
        </test-method> <!-- beforeTest -->
        <test-method is-config="true" signature="startTestCase()[pri:0, instance:testcases.TC06_AddCoursesToCart@35dab4eb]" started-at="2025-03-07T18:25:40 IST" name="startTestCase" finished-at="2025-03-07T18:25:40 IST" duration-ms="0" status="PASS">
          <reporter-output>
          </reporter-output>
        </test-method> <!-- startTestCase -->
        <test-method is-config="true" signature="beforeMethod()[pri:0, instance:testcases.TC06_AddCoursesToCart@35dab4eb]" started-at="2025-03-07T18:25:40 IST" name="beforeMethod" finished-at="2025-03-07T18:25:40 IST" duration-ms="2" status="PASS">
          <reporter-output>
          </reporter-output>
        </test-method> <!-- beforeMethod -->
        <test-method signature="userHomePageCheck()[pri:0, instance:testcases.TC06_AddCoursesToCart@35dab4eb]" started-at="2025-03-07T18:25:40 IST" name="userHomePageCheck" finished-at="2025-03-07T18:26:03 IST" duration-ms="23069" status="PASS">
          <reporter-output>
          </reporter-output>
        </test-method> <!-- userHomePageCheck -->
        <test-method is-config="true" signature="afterMethod()[pri:0, instance:testcases.TC06_AddCoursesToCart@35dab4eb]" started-at="2025-03-07T18:26:03 IST" name="afterMethod" finished-at="2025-03-07T18:26:03 IST" duration-ms="211" status="PASS">
          <reporter-output>
          </reporter-output>
        </test-method> <!-- afterMethod -->
        <test-method is-config="true" signature="afterTest()[pri:0, instance:testcases.TC06_AddCoursesToCart@35dab4eb]" started-at="2025-03-07T18:26:03 IST" name="afterTest" finished-at="2025-03-07T18:26:03 IST" duration-ms="0" status="PASS">
          <reporter-output>
          </reporter-output>
        </test-method> <!-- afterTest -->
        <test-method is-config="true" signature="afterSuite()[pri:0, instance:testcases.TC06_AddCoursesToCart@35dab4eb]" started-at="2025-03-07T18:26:03 IST" name="afterSuite" finished-at="2025-03-07T18:26:03 IST" duration-ms="262" status="PASS">
          <reporter-output>
          </reporter-output>
        </test-method> <!-- afterSuite -->
      </class> <!-- testcases.TC06_AddCoursesToCart -->
    </test> <!-- Default test -->
  </suite> <!-- Default suite -->
</testng-results>
